<?xml version="1.0" encoding="UTF-8"?>
<testng-results skipped="0" failed="0" ignored="0" total="1" passed="1">
  <reporter-output>
  </reporter-output>
  <suite name="softwaretestingmaterial" duration-ms="153631" started-at="2020-06-06T20:43:50 IST" finished-at="2020-06-06T20:46:24 IST">
    <groups>
    </groups>
    <test name="testngTest" duration-ms="153631" started-at="2020-06-06T20:43:50 IST" finished-at="2020-06-06T20:46:24 IST">
      <class name="com.freecrm.testcases.LoginTest">
        <test-method status="PASS" signature="setUp()[pri:0, instance:com.freecrm.testcases.LoginTest@4fb64261]" name="setUp" is-config="true" duration-ms="143517" started-at="2020-06-06T20:43:50 IST" finished-at="2020-06-06T20:46:14 IST">
          <reporter-output>
          </reporter-output>
        </test-method> <!-- setUp -->
        <test-method status="PASS" signature="loginToApp()[pri:0, instance:com.freecrm.testcases.LoginTest@4fb64261]" name="loginToApp" duration-ms="7864" started-at="2020-06-06T20:46:14 IST" finished-at="2020-06-06T20:46:22 IST">
          <reporter-output>
          </reporter-output>
        </test-method> <!-- loginToApp -->
        <test-method status="PASS" signature="takeScreenShotOnFailure(org.testng.ITestResult)[pri:0, instance:com.freecrm.testcases.LoginTest@4fb64261]" name="takeScreenShotOnFailure" is-config="true" duration-ms="2" started-at="2020-06-06T20:46:22 IST" finished-at="2020-06-06T20:46:22 IST">
          <params>
            <param index="0">
              <value>
                <![CDATA[[TestResult name=loginToApp status=SUCCESS method=LoginTest.loginToApp()[pri:0, instance:com.freecrm.testcases.LoginTest@4fb64261] output={null}]]]>
              </value>
            </param>
          </params>
          <reporter-output>
          </reporter-output>
        </test-method> <!-- takeScreenShotOnFailure -->
        <test-method status="PASS" signature="tearDown()[pri:0, instance:com.freecrm.testcases.LoginTest@4fb64261]" name="tearDown" is-config="true" duration-ms="2170" started-at="2020-06-06T20:46:22 IST" finished-at="2020-06-06T20:46:24 IST">
          <reporter-output>
          </reporter-output>
        </test-method> <!-- tearDown -->
      </class> <!-- com.freecrm.testcases.LoginTest -->
    </test> <!-- testngTest -->
  </suite> <!-- softwaretestingmaterial -->
</testng-results>
